{"uuid":"91052d3f-4ede-47d8-8161-b0ee2dc82ca4","historyId":"895a4e2ceef47f6d3679257d6f64f75e","testCaseId":"[engine:junit-jupiter]/[class:page.pageOnlineReplenishmentBlock.TestOnlineReplenishmentBlock]/[method:testBlockText()]","testCaseName":"testBlockText()","fullName":"page.pageOnlineReplenishmentBlock.TestOnlineReplenishmentBlock.testBlockText","labels":[{"name":"junit.platform.uniqueid","value":"[engine:junit-jupiter]/[class:page.pageOnlineReplenishmentBlock.TestOnlineReplenishmentBlock]/[method:testBlockText()]"},{"name":"story","value":"Позитивный сценарий"},{"name":"owner","value":"junior"},{"name":"host","value":"DESKTOP-DD7MHO5"},{"name":"thread","value":"15800@DESKTOP-DD7MHO5.main(1)"},{"name":"framework","value":"junit-platform"},{"name":"language","value":"java"},{"name":"package","value":"page.pageOnlineReplenishmentBlock.TestOnlineReplenishmentBlock"},{"name":"testClass","value":"page.pageOnlineReplenishmentBlock.TestOnlineReplenishmentBlock"},{"name":"testMethod","value":"testBlockText"},{"name":"suite","value":"Проверка блока «Онлайн пополнение без комиссии»"},{"name":"severity","value":"minor"}],"links":[],"name":"testBlockText()","status":"broken","statusDetails":{"known":false,"muted":false,"flaky":false,"message":"Expected condition failed: waiting for presence of element located by: By.xpath: //*[@id='pay-section']/div/div/div[2]/section/div/h2 (tried for 10 second(s) with 500 milliseconds interval)","trace":"org.openqa.selenium.TimeoutException: Expected condition failed: waiting for presence of element located by: By.xpath: //*[@id='pay-section']/div/div/div[2]/section/div/h2 (tried for 10 second(s) with 500 milliseconds interval)\r\n\tat org.openqa.selenium.support.ui.WebDriverWait.timeoutException(WebDriverWait.java:84)\r\n\tat org.openqa.selenium.support.ui.FluentWait.until(FluentWait.java:228)\r\n\tat page.def.PageEx.element(PageEx.java:56)\r\n\tat page.def.PageEx.element(PageEx.java:63)\r\n\tat page.def.PageEx.getText(PageEx.java:21)\r\n\tat page.pageOnlineReplenishmentBlock.TestOnlineReplenishmentBlock.testBlockText(TestOnlineReplenishmentBlock.java:45)\r\n\tat java.base/java.lang.reflect.Method.invoke(Method.java:566)\r\n\tat java.base/java.util.ArrayList.forEach(ArrayList.java:1541)\r\n\tat java.base/java.util.ArrayList.forEach(ArrayList.java:1541)\r\nCaused by: org.openqa.selenium.NoSuchElementException: no such element: Unable to locate element: {\"method\":\"xpath\",\"selector\":\"//*[@id='pay-section']/div/div/div[2]/section/div/h2\"}\n  (Session info: chrome=142.0.7444.176)\nFor documentation on this error, please visit: https://www.selenium.dev/documentation/webdriver/troubleshooting/errors#nosuchelementexception\nBuild info: version: '4.38.0', revision: '6b412e825c*'\nSystem info: os.name: 'Windows 11', os.arch: 'amd64', os.version: '10.0', java.version: '11.0.29'\nDriver info: org.openqa.selenium.chrome.ChromeDriver\nCommand: [a557a081b867a11904b2ad3a51d0ea81, findElement {value=//*[@id='pay-section']/div/div/div[2]/section/div/h2, using=xpath}]\nCapabilities {acceptInsecureCerts: false, browserName: chrome, browserVersion: 142.0.7444.176, chrome: {chromedriverVersion: 142.0.7444.175 (302067f14a4..., userDataDir: C:\\Users\\syste\\AppData\\Loca...}, fedcm:accounts: true, goog:chromeOptions: {debuggerAddress: localhost:65512}, goog:processID: 3408, networkConnectionEnabled: false, pageLoadStrategy: normal, platformName: windows, proxy: Proxy(), se:cdp: ws://localhost:65512/devtoo..., se:cdpVersion: 142.0.7444.176, setWindowRect: true, strictFileInteractability: false, timeouts: {implicit: 0, pageLoad: 300000, script: 30000}, unhandledPromptBehavior: dismiss and notify, webauthn:extension:credBlob: true, webauthn:extension:largeBlob: true, webauthn:extension:minPinLength: true, webauthn:extension:prf: true, webauthn:virtualAuthenticators: true}\nSession ID: a557a081b867a11904b2ad3a51d0ea81\r\n\tat jdk.internal.reflect.GeneratedConstructorAccessor13.newInstance(Unknown Source)\r\n\tat java.base/jdk.internal.reflect.DelegatingConstructorAccessorImpl.newInstance(DelegatingConstructorAccessorImpl.java:45)\r\n\tat java.base/java.lang.reflect.Constructor.newInstance(Constructor.java:490)\r\n\tat org.openqa.selenium.remote.ErrorCodec.decode(ErrorCodec.java:167)\r\n\tat org.openqa.selenium.remote.codec.w3c.W3CHttpResponseCodec.decode(W3CHttpResponseCodec.java:138)\r\n\tat org.openqa.selenium.remote.codec.w3c.W3CHttpResponseCodec.decode(W3CHttpResponseCodec.java:50)\r\n\tat org.openqa.selenium.remote.HttpCommandExecutor.execute(HttpCommandExecutor.java:215)\r\n\tat org.openqa.selenium.remote.service.DriverCommandExecutor.invokeExecute(DriverCommandExecutor.java:216)\r\n\tat org.openqa.selenium.remote.service.DriverCommandExecutor.execute(DriverCommandExecutor.java:174)\r\n\tat org.openqa.selenium.remote.RemoteWebDriver.execute(RemoteWebDriver.java:557)\r\n\tat org.openqa.selenium.remote.ElementLocation$ElementFinder$2.findElement(ElementLocation.java:165)\r\n\tat org.openqa.selenium.remote.ElementLocation.findElement(ElementLocation.java:59)\r\n\tat org.openqa.selenium.remote.RemoteWebDriver.findElement(RemoteWebDriver.java:380)\r\n\tat org.openqa.selenium.remote.RemoteWebDriver.findElement(RemoteWebDriver.java:374)\r\n\tat org.openqa.selenium.support.ui.ExpectedConditions$6.apply(ExpectedConditions.java:174)\r\n\tat org.openqa.selenium.support.ui.ExpectedConditions$6.apply(ExpectedConditions.java:171)\r\n\tat org.openqa.selenium.support.ui.FluentWait.until(FluentWait.java:203)\r\n\t... 7 more\r\n"},"stage":"finished","description":"Проверка названия блока «Онлайн пополнение без комиссии»","steps":[],"attachments":[],"parameters":[],"start":1765313864512,"stop":1765313874959}